# JRE version: OpenJDK Runtime Environment (21.0.7) (build 21.0.7+-13880790-b1038.58)
# Java VM: OpenJDK 64-Bit Server VM (21.0.7+-13880790-b1038.58, mixed mode, tiered, compressed oops, compressed class ptrs, g1 gc, windows-amd64)
GC Precious Log:
 CardTable entry size: 512
 Card Set container configuration: InlinePtr #cards 5 size 8 Array Of Cards #cards 12 size 40 Howl #buckets 4 coarsen threshold 1843 Howl Bitmap #cards 512 size 80 coarsen threshold 460 Card regions per heap region 1 cards per card region 2048
 CPUs: 4 total, 4 available
 Memory: 8039M
 Large Page Support: Disabled
 NUMA Support: Disabled
 Compressed Oops: Enabled (32-bit)
 Heap Region Size: 1M
 Heap Min Capacity: 8M
 Heap Initial Capacity: 126M
 Heap Max Capacity: 2G
 Pre-touch: Disabled
 Parallel Workers: 4
 Concurrent Workers: 1
 Concurrent Refinement Workers: 4
 Periodic GC: Disabled
Heap:
 garbage-first heap   total 103424K, used 99451K [0x0000000080000000, 0x0000000100000000)
  region size 1024K, 43 young (44032K), 3 survivors (3072K)
 Metaspace       used 73968K, committed 75840K, reserved 1114112K
  class space    used 10162K, committed 11072K, reserved 1048576K
GC Heap History (20 events):
Event: 9.011 GC heap after
{Heap after GC invocations=16 (full 0):
 garbage-first heap   total 71680K, used 37724K [0x0000000080000000, 0x0000000100000000)
  region size 1024K, 4 young (4096K), 4 survivors (4096K)
 Metaspace       used 55561K, committed 57024K, reserved 1114112K
  class space    used 7657K, committed 8320K, reserved 1048576K
}
Event: 9.318 GC heap before
{Heap before GC invocations=17 (full 0):
 garbage-first heap   total 71680K, used 64348K [0x0000000080000000, 0x0000000100000000)
  region size 1024K, 29 young (29696K), 4 survivors (4096K)
 Metaspace       used 57508K, committed 59072K, reserved 1114112K
  class space    used 7835K, committed 8576K, reserved 1048576K
}
Event: 9.322 GC heap after
{Heap after GC invocations=18 (full 0):
 garbage-first heap   total 71680K, used 39166K [0x0000000080000000, 0x0000000100000000)
  region size 1024K, 2 young (2048K), 2 survivors (2048K)
 Metaspace       used 57508K, committed 59072K, reserved 1114112K
  class space    used 7835K, committed 8576K, reserved 1048576K
}
Event: 9.539 GC heap before
{Heap before GC invocations=18 (full 0):
 garbage-first heap   total 71680K, used 63742K [0x0000000080000000, 0x0000000100000000)
  region size 1024K, 26 young (26624K), 2 survivors (2048K)
 Metaspace       used 59160K, committed 60736K, reserved 1114112K
  class space    used 8086K, committed 8832K, reserved 1048576K
}
Event: 9.543 GC heap after
{Heap after GC invocations=19 (full 0):
 garbage-first heap   total 71680K, used 39812K [0x0000000080000000, 0x0000000100000000)
  region size 1024K, 2 young (2048K), 2 survivors (2048K)
 Metaspace       used 59160K, committed 60736K, reserved 1114112K
  class space    used 8086K, committed 8832K, reserved 1048576K
}
Event: 9.920 GC heap before
{Heap before GC invocations=19 (full 0):
 garbage-first heap   total 71680K, used 64388K [0x0000000080000000, 0x0000000100000000)
  region size 1024K, 27 young (27648K), 2 survivors (2048K)
 Metaspace       used 62728K, committed 64448K, reserved 1114112K
  class space    used 8579K, committed 9408K, reserved 1048576K
}
Event: 9.925 GC heap after
{Heap after GC invocations=20 (full 0):
 garbage-first heap   total 86016K, used 40882K [0x0000000080000000, 0x0000000100000000)
  region size 1024K, 3 young (3072K), 3 survivors (3072K)
 Metaspace       used 62728K, committed 64448K, reserved 1114112K
  class space    used 8579K, committed 9408K, reserved 1048576K
}
Event: 10.644 GC heap before
{Heap before GC invocations=21 (full 0):
 garbage-first heap   total 86016K, used 76722K [0x0000000080000000, 0x0000000100000000)
  region size 1024K, 39 young (39936K), 3 survivors (3072K)
 Metaspace       used 67728K, committed 69440K, reserved 1114112K
  class space    used 9366K, committed 10176K, reserved 1048576K
}
Event: 10.651 GC heap after
{Heap after GC invocations=22 (full 0):
 garbage-first heap   total 86016K, used 42873K [0x0000000080000000, 0x0000000100000000)
  region size 1024K, 4 young (4096K), 4 survivors (4096K)
 Metaspace       used 67728K, committed 69440K, reserved 1114112K
  class space    used 9366K, committed 10176K, reserved 1048576K
}
Event: 11.436 GC heap before
{Heap before GC invocations=22 (full 0):
 garbage-first heap   total 86016K, used 76665K [0x0000000080000000, 0x0000000100000000)
  region size 1024K, 37 young (37888K), 4 survivors (4096K)
 Metaspace       used 71403K, committed 73216K, reserved 1114112K
  class space    used 9934K, committed 10816K, reserved 1048576K
}
Event: 11.447 GC heap after
{Heap after GC invocations=23 (full 0):
 garbage-first heap   total 86016K, used 45535K [0x0000000080000000, 0x0000000100000000)
  region size 1024K, 5 young (5120K), 5 survivors (5120K)
 Metaspace       used 71403K, committed 73216K, reserved 1114112K
  class space    used 9934K, committed 10816K, reserved 1048576K
}
Event: 12.024 GC heap before
{Heap before GC invocations=23 (full 0):
 garbage-first heap   total 86016K, used 74207K [0x0000000080000000, 0x0000000100000000)
  region size 1024K, 34 young (34816K), 5 survivors (5120K)
 Metaspace       used 72001K, committed 73792K, reserved 1114112K
  class space    used 9958K, committed 10816K, reserved 1048576K
}
Event: 12.031 GC heap after
{Heap after GC invocations=24 (full 0):
 garbage-first heap   total 86016K, used 48656K [0x0000000080000000, 0x0000000100000000)
  region size 1024K, 4 young (4096K), 4 survivors (4096K)
 Metaspace       used 72001K, committed 73792K, reserved 1114112K
  class space    used 9958K, committed 10816K, reserved 1048576K
}
Event: 12.372 GC heap before
{Heap before GC invocations=25 (full 0):
 garbage-first heap   total 86016K, used 75280K [0x0000000080000000, 0x0000000100000000)
  region size 1024K, 31 young (31744K), 4 survivors (4096K)
 Metaspace       used 72207K, committed 73984K, reserved 1114112K
  class space    used 9958K, committed 10816K, reserved 1048576K
}
Event: 12.376 GC heap after
{Heap after GC invocations=26 (full 0):
 garbage-first heap   total 86016K, used 49880K [0x0000000080000000, 0x0000000100000000)
  region size 1024K, 3 young (3072K), 3 survivors (3072K)
 Metaspace       used 72207K, committed 73984K, reserved 1114112K
  class space    used 9958K, committed 10816K, reserved 1048576K
}
Event: 12.720 GC heap before
{Heap before GC invocations=26 (full 0):
 garbage-first heap   total 86016K, used 76504K [0x0000000080000000, 0x0000000100000000)
  region size 1024K, 30 young (30720K), 3 survivors (3072K)
 Metaspace       used 72281K, committed 74048K, reserved 1114112K
  class space    used 9958K, committed 10816K, reserved 1048576K
}
Event: 12.724 GC heap after
{Heap after GC invocations=27 (full 0):
 garbage-first heap   total 86016K, used 50311K [0x0000000080000000, 0x0000000100000000)
  region size 1024K, 3 young (3072K), 3 survivors (3072K)
 Metaspace       used 72281K, committed 74048K, reserved 1114112K
  class space    used 9958K, committed 10816K, reserved 1048576K
}
Event: 13.007 GC heap before
{Heap before GC invocations=27 (full 0):
 garbage-first heap   total 86016K, used 75911K [0x0000000080000000, 0x0000000100000000)
  region size 1024K, 29 young (29696K), 3 survivors (3072K)
 Metaspace       used 72290K, committed 74048K, reserved 1114112K
  class space    used 9958K, committed 10816K, reserved 1048576K
}
Event: 13.011 GC heap after
{Heap after GC invocations=28 (full 0):
 garbage-first heap   total 103424K, used 51323K [0x0000000080000000, 0x0000000100000000)
  region size 1024K, 3 young (3072K), 3 survivors (3072K)
 Metaspace       used 72290K, committed 74048K, reserved 1114112K
  class space    used 9958K, committed 10816K, reserved 1048576K
}
Event: 14.090 GC heap before
{Heap before GC invocations=29 (full 0):
 garbage-first heap   total 103424K, used 98427K [0x0000000080000000, 0x0000000100000000)
  region size 1024K, 43 young (44032K), 3 survivors (3072K)
 Metaspace       used 73968K, committed 75840K, reserved 1114112K
  class space    used 10162K, committed 11072K, reserved 1048576K
}

